SF:lib\araya_core_screen.dart
DA:58,1
DA:59,1
DA:64,1
DA:65,4
DA:68,1
DA:69,4
DA:72,0
DA:73,0
DA:76,1
DA:80,0
DA:84,0
DA:88,0
DA:92,0
DA:96,1
DA:97,4
DA:100,0
DA:102,0
DA:103,0
DA:106,0
DA:108,0
DA:109,0
DA:112,0
DA:114,0
DA:115,0
DA:118,0
DA:119,0
DA:126,1
DA:128,1
DA:141,1
DA:143,1
DA:144,1
LF:31
LH:14
end_of_record
SF:lib\araya_overlay.dart
DA:9,1
DA:13,1
DA:18,1
DA:20,1
DA:21,1
DA:22,1
DA:23,1
DA:25,3
DA:26,1
DA:32,2
DA:44,1
DA:47,0
DA:51,1
DA:53,1
DA:54,2
DA:55,1
DA:57,3
DA:67,1
DA:71,1
DA:72,1
DA:74,1
DA:75,1
DA:77,2
LF:23
LH:22
end_of_record
